app/build/intermediates/manifest_merge_blame_file/debug/manifest-merger-blame-debug-report.txt
1<?xml version="1.0" encoding="utf-8"?>
2<manifest xmlns:android="http://schemas.android.com/apk/res/android"
3    package="com.mwangi.real"
4    android:versionCode="1"
5    android:versionName="1.0" >
6
7    <uses-sdk
8        android:minSdkVersion="24"
8-->src\main\AndroidManifest.xml
9        android:targetSdkVersion="33" />
9-->src\main\AndroidManifest.xml
10
11    <uses-permission android:name="android.permission.INTERNET" />
11-->[com.google.firebase:firebase-auth:21.3.0] AndroidManifest.xml:25:5-67
11-->[com.google.firebase:firebase-auth:21.3.0] AndroidManifest.xml:25:22-64
12    <uses-permission android:name="android.permission.ACCESS_NETWORK_STATE" />
12-->[com.google.firebase:firebase-auth:21.3.0] AndroidManifest.xml:26:5-79
12-->[com.google.firebase:firebase-auth:21.3.0] AndroidManifest.xml:26:22-76
13    <uses-permission android:name="android.permission.WAKE_LOCK" />
13-->[com.google.android.gms:play-services-measurement-api:21.2.2] AndroidManifest.xml:24:5-68
13-->[com.google.android.gms:play-services-measurement-api:21.2.2] AndroidManifest.xml:24:22-65
14    <uses-permission android:name="com.google.android.gms.permission.AD_ID" />
14-->[com.google.android.gms:play-services-measurement-api:21.2.2] AndroidManifest.xml:25:5-79
14-->[com.google.android.gms:play-services-measurement-api:21.2.2] AndroidManifest.xml:25:22-76
15    <uses-permission android:name="com.google.android.finsky.permission.BIND_GET_INSTALL_REFERRER_SERVICE" />
15-->[com.google.android.gms:play-services-measurement:21.2.2] AndroidManifest.xml:26:5-110
15-->[com.google.android.gms:play-services-measurement:21.2.2] AndroidManifest.xml:26:22-107
16
17    <permission
17-->[androidx.core:core:1.9.0] AndroidManifest.xml:22:5-24:47
18        android:name="com.mwangi.real.DYNAMIC_RECEIVER_NOT_EXPORTED_PERMISSION"
18-->[androidx.core:core:1.9.0] AndroidManifest.xml:23:9-81
19        android:protectionLevel="signature" />
19-->[androidx.core:core:1.9.0] AndroidManifest.xml:24:9-44
20
21    <uses-permission android:name="com.mwangi.real.DYNAMIC_RECEIVER_NOT_EXPORTED_PERMISSION" />
21-->[androidx.core:core:1.9.0] AndroidManifest.xml:26:5-97
21-->[androidx.core:core:1.9.0] AndroidManifest.xml:26:22-94
22
23    <application
23-->src\main\AndroidManifest.xml:5:5-44:19
24        android:allowBackup="true"
24-->src\main\AndroidManifest.xml:6:9-35
25        android:appComponentFactory="androidx.core.app.CoreComponentFactory"
25-->[androidx.core:core:1.9.0] AndroidManifest.xml:28:18-86
26        android:dataExtractionRules="@xml/data_extraction_rules"
26-->src\main\AndroidManifest.xml:7:9-65
27        android:debuggable="true"
28        android:extractNativeLibs="false"
29        android:fullBackupContent="@xml/backup_rules"
29-->src\main\AndroidManifest.xml:8:9-54
30        android:icon="@mipmap/icon"
30-->src\main\AndroidManifest.xml:9:9-36
31        android:label="@string/app_name"
31-->src\main\AndroidManifest.xml:10:9-41
32        android:supportsRtl="true"
32-->src\main\AndroidManifest.xml:11:9-35
33        android:testOnly="true"
34        android:theme="@style/Theme.Real" >
34-->src\main\AndroidManifest.xml:12:9-42
35        <activity
35-->src\main\AndroidManifest.xml:14:9-16:40
36            android:name="com.mwangi.real.DiscoverActivity"
36-->src\main\AndroidManifest.xml:15:13-45
37            android:exported="false" />
37-->src\main\AndroidManifest.xml:16:13-37
38        <activity
38-->src\main\AndroidManifest.xml:17:9-19:40
39            android:name="com.mwangi.real.UploadActivity"
39-->src\main\AndroidManifest.xml:18:13-43
40            android:exported="false" />
40-->src\main\AndroidManifest.xml:19:13-37
41        <activity
41-->src\main\AndroidManifest.xml:20:9-22:40
42            android:name="com.mwangi.real.AccountActivity"
42-->src\main\AndroidManifest.xml:21:13-44
43            android:exported="false" />
43-->src\main\AndroidManifest.xml:22:13-37
44        <activity
44-->src\main\AndroidManifest.xml:23:9-25:40
45            android:name="com.mwangi.real.HomeActivity"
45-->src\main\AndroidManifest.xml:24:13-41
46            android:exported="false" />
46-->src\main\AndroidManifest.xml:25:13-37
47        <activity
47-->src\main\AndroidManifest.xml:26:9-28:40
48            android:name="com.mwangi.real.RegisterActivity"
48-->src\main\AndroidManifest.xml:27:13-45
49            android:exported="false" />
49-->src\main\AndroidManifest.xml:28:13-37
50        <activity
50-->src\main\AndroidManifest.xml:29:9-31:40
51            android:name="com.mwangi.real.LoginActivity"
51-->src\main\AndroidManifest.xml:30:13-42
52            android:exported="false" />
52-->src\main\AndroidManifest.xml:31:13-37
53        <activity
53-->src\main\AndroidManifest.xml:32:9-34:40
54            android:name="com.mwangi.real.GetStartedActivity"
54-->src\main\AndroidManifest.xml:33:13-47
55            android:exported="false" />
55-->src\main\AndroidManifest.xml:34:13-37
56        <activity
56-->src\main\AndroidManifest.xml:35:9-43:20
57            android:name="com.mwangi.real.SplashActivity"
57-->src\main\AndroidManifest.xml:36:13-43
58            android:exported="true" >
58-->src\main\AndroidManifest.xml:37:13-36
59            <intent-filter>
59-->src\main\AndroidManifest.xml:38:13-42:29
60                <action android:name="android.intent.action.MAIN" />
60-->src\main\AndroidManifest.xml:39:17-69
60-->src\main\AndroidManifest.xml:39:25-66
61
62                <category android:name="android.intent.category.LAUNCHER" />
62-->src\main\AndroidManifest.xml:41:17-77
62-->src\main\AndroidManifest.xml:41:27-74
63            </intent-filter>
64        </activity>
65        <activity
65-->[com.google.firebase:firebase-auth:21.3.0] AndroidManifest.xml:29:9-46:20
66            android:name="com.google.firebase.auth.internal.GenericIdpActivity"
66-->[com.google.firebase:firebase-auth:21.3.0] AndroidManifest.xml:30:13-80
67            android:excludeFromRecents="true"
67-->[com.google.firebase:firebase-auth:21.3.0] AndroidManifest.xml:31:13-46
68            android:exported="true"
68-->[com.google.firebase:firebase-auth:21.3.0] AndroidManifest.xml:32:13-36
69            android:launchMode="singleTask"
69-->[com.google.firebase:firebase-auth:21.3.0] AndroidManifest.xml:33:13-44
70            android:theme="@android:style/Theme.Translucent.NoTitleBar" >
70-->[com.google.firebase:firebase-auth:21.3.0] AndroidManifest.xml:34:13-72
71            <intent-filter>
71-->[com.google.firebase:firebase-auth:21.3.0] AndroidManifest.xml:35:13-45:29
72                <action android:name="android.intent.action.VIEW" />
72-->[com.google.firebase:firebase-auth:21.3.0] AndroidManifest.xml:36:17-69
72-->[com.google.firebase:firebase-auth:21.3.0] AndroidManifest.xml:36:25-66
73
74                <category android:name="android.intent.category.DEFAULT" />
74-->[com.google.firebase:firebase-auth:21.3.0] AndroidManifest.xml:38:17-76
74-->[com.google.firebase:firebase-auth:21.3.0] AndroidManifest.xml:38:27-73
75                <category android:name="android.intent.category.BROWSABLE" />
75-->[com.google.firebase:firebase-auth:21.3.0] AndroidManifest.xml:39:17-78
75-->[com.google.firebase:firebase-auth:21.3.0] AndroidManifest.xml:39:27-75
76
77                <data
77-->[com.google.firebase:firebase-auth:21.3.0] AndroidManifest.xml:41:17-44:51
78                    android:host="firebase.auth"
78-->[com.google.firebase:firebase-auth:21.3.0] AndroidManifest.xml:42:21-49
79                    android:path="/"
79-->[com.google.firebase:firebase-auth:21.3.0] AndroidManifest.xml:43:21-37
80                    android:scheme="genericidp" />
80-->[com.google.firebase:firebase-auth:21.3.0] AndroidManifest.xml:44:21-48
81            </intent-filter>
82        </activity>
83        <activity
83-->[com.google.firebase:firebase-auth:21.3.0] AndroidManifest.xml:47:9-64:20
84            android:name="com.google.firebase.auth.internal.RecaptchaActivity"
84-->[com.google.firebase:firebase-auth:21.3.0] AndroidManifest.xml:48:13-79
85            android:excludeFromRecents="true"
85-->[com.google.firebase:firebase-auth:21.3.0] AndroidManifest.xml:49:13-46
86            android:exported="true"
86-->[com.google.firebase:firebase-auth:21.3.0] AndroidManifest.xml:50:13-36
87            android:launchMode="singleTask"
87-->[com.google.firebase:firebase-auth:21.3.0] AndroidManifest.xml:51:13-44
88            android:theme="@android:style/Theme.Translucent.NoTitleBar" >
88-->[com.google.firebase:firebase-auth:21.3.0] AndroidManifest.xml:52:13-72
89            <intent-filter>
89-->[com.google.firebase:firebase-auth:21.3.0] AndroidManifest.xml:53:13-63:29
90                <action android:name="android.intent.action.VIEW" />
90-->[com.google.firebase:firebase-auth:21.3.0] AndroidManifest.xml:36:17-69
90-->[com.google.firebase:firebase-auth:21.3.0] AndroidManifest.xml:36:25-66
91
92                <category android:name="android.intent.category.DEFAULT" />
92-->[com.google.firebase:firebase-auth:21.3.0] AndroidManifest.xml:38:17-76
92-->[com.google.firebase:firebase-auth:21.3.0] AndroidManifest.xml:38:27-73
93                <category android:name="android.intent.category.BROWSABLE" />
93-->[com.google.firebase:firebase-auth:21.3.0] AndroidManifest.xml:39:17-78
93-->[com.google.firebase:firebase-auth:21.3.0] AndroidManifest.xml:39:27-75
94
95                <data
95-->[com.google.firebase:firebase-auth:21.3.0] AndroidManifest.xml:41:17-44:51
96                    android:host="firebase.auth"
96-->[com.google.firebase:firebase-auth:21.3.0] AndroidManifest.xml:42:21-49
97                    android:path="/"
97-->[com.google.firebase:firebase-auth:21.3.0] AndroidManifest.xml:43:21-37
98                    android:scheme="recaptcha" />
98-->[com.google.firebase:firebase-auth:21.3.0] AndroidManifest.xml:44:21-48
99            </intent-filter>
100        </activity>
101
102        <service
102-->[com.google.firebase:firebase-auth:21.3.0] AndroidManifest.xml:66:9-72:19
103            android:name="com.google.firebase.components.ComponentDiscoveryService"
103-->[com.google.firebase:firebase-auth:21.3.0] AndroidManifest.xml:67:13-84
104            android:directBootAware="true"
104-->[com.google.firebase:firebase-common:20.3.2] AndroidManifest.xml:34:13-43
105            android:exported="false" >
105-->[com.google.firebase:firebase-auth:21.3.0] AndroidManifest.xml:68:13-37
106            <meta-data
106-->[com.google.firebase:firebase-auth:21.3.0] AndroidManifest.xml:69:13-71:85
107                android:name="com.google.firebase.components:com.google.firebase.auth.FirebaseAuthRegistrar"
107-->[com.google.firebase:firebase-auth:21.3.0] AndroidManifest.xml:70:17-109
108                android:value="com.google.firebase.components.ComponentRegistrar" />
108-->[com.google.firebase:firebase-auth:21.3.0] AndroidManifest.xml:71:17-82
109            <meta-data
109-->[com.google.firebase:firebase-analytics-ktx:21.2.2] AndroidManifest.xml:11:13-13:85
110                android:name="com.google.firebase.components:com.google.firebase.analytics.ktx.FirebaseAnalyticsKtxRegistrar"
110-->[com.google.firebase:firebase-analytics-ktx:21.2.2] AndroidManifest.xml:12:17-126
111                android:value="com.google.firebase.components.ComponentRegistrar" />
111-->[com.google.firebase:firebase-analytics-ktx:21.2.2] AndroidManifest.xml:13:17-82
112            <meta-data
112-->[com.google.firebase:firebase-common-ktx:20.3.2] AndroidManifest.xml:14:13-16:85
113                android:name="com.google.firebase.components:com.google.firebase.ktx.FirebaseCommonKtxRegistrar"
113-->[com.google.firebase:firebase-common-ktx:20.3.2] AndroidManifest.xml:15:17-113
114                android:value="com.google.firebase.components.ComponentRegistrar" />
114-->[com.google.firebase:firebase-common-ktx:20.3.2] AndroidManifest.xml:16:17-82
115            <meta-data
115-->[com.google.android.gms:play-services-measurement-api:21.2.2] AndroidManifest.xml:31:13-33:85
116                android:name="com.google.firebase.components:com.google.firebase.analytics.connector.internal.AnalyticsConnectorRegistrar"
116-->[com.google.android.gms:play-services-measurement-api:21.2.2] AndroidManifest.xml:32:17-139
117                android:value="com.google.firebase.components.ComponentRegistrar" />
117-->[com.google.android.gms:play-services-measurement-api:21.2.2] AndroidManifest.xml:33:17-82
118            <meta-data
118-->[com.google.firebase:firebase-installations:17.1.3] AndroidManifest.xml:17:13-19:85
119                android:name="com.google.firebase.components:com.google.firebase.installations.FirebaseInstallationsRegistrar"
119-->[com.google.firebase:firebase-installations:17.1.3] AndroidManifest.xml:18:17-127
120                android:value="com.google.firebase.components.ComponentRegistrar" />
120-->[com.google.firebase:firebase-installations:17.1.3] AndroidManifest.xml:19:17-82
121        </service>
122
123        <provider
123-->[com.google.firebase:firebase-common:20.3.2] AndroidManifest.xml:25:9-30:39
124            android:name="com.google.firebase.provider.FirebaseInitProvider"
124-->[com.google.firebase:firebase-common:20.3.2] AndroidManifest.xml:26:13-77
125            android:authorities="com.mwangi.real.firebaseinitprovider"
125-->[com.google.firebase:firebase-common:20.3.2] AndroidManifest.xml:27:13-72
126            android:directBootAware="true"
126-->[com.google.firebase:firebase-common:20.3.2] AndroidManifest.xml:28:13-43
127            android:exported="false"
127-->[com.google.firebase:firebase-common:20.3.2] AndroidManifest.xml:29:13-37
128            android:initOrder="100" />
128-->[com.google.firebase:firebase-common:20.3.2] AndroidManifest.xml:30:13-36
129
130        <activity
130-->[com.google.android.gms:play-services-base:17.1.0] AndroidManifest.xml:23:9-26:75
131            android:name="com.google.android.gms.common.api.GoogleApiActivity"
131-->[com.google.android.gms:play-services-base:17.1.0] AndroidManifest.xml:24:13-79
132            android:exported="false"
132-->[com.google.android.gms:play-services-base:17.1.0] AndroidManifest.xml:25:13-37
133            android:theme="@android:style/Theme.Translucent.NoTitleBar" />
133-->[com.google.android.gms:play-services-base:17.1.0] AndroidManifest.xml:26:13-72
134
135        <receiver
135-->[com.google.android.gms:play-services-measurement:21.2.2] AndroidManifest.xml:29:9-33:20
136            android:name="com.google.android.gms.measurement.AppMeasurementReceiver"
136-->[com.google.android.gms:play-services-measurement:21.2.2] AndroidManifest.xml:30:13-85
137            android:enabled="true"
137-->[com.google.android.gms:play-services-measurement:21.2.2] AndroidManifest.xml:31:13-35
138            android:exported="false" >
138-->[com.google.android.gms:play-services-measurement:21.2.2] AndroidManifest.xml:32:13-37
139        </receiver>
140
141        <service
141-->[com.google.android.gms:play-services-measurement:21.2.2] AndroidManifest.xml:35:9-38:40
142            android:name="com.google.android.gms.measurement.AppMeasurementService"
142-->[com.google.android.gms:play-services-measurement:21.2.2] AndroidManifest.xml:36:13-84
143            android:enabled="true"
143-->[com.google.android.gms:play-services-measurement:21.2.2] AndroidManifest.xml:37:13-35
144            android:exported="false" />
144-->[com.google.android.gms:play-services-measurement:21.2.2] AndroidManifest.xml:38:13-37
145        <service
145-->[com.google.android.gms:play-services-measurement:21.2.2] AndroidManifest.xml:39:9-43:72
146            android:name="com.google.android.gms.measurement.AppMeasurementJobService"
146-->[com.google.android.gms:play-services-measurement:21.2.2] AndroidManifest.xml:40:13-87
147            android:enabled="true"
147-->[com.google.android.gms:play-services-measurement:21.2.2] AndroidManifest.xml:41:13-35
148            android:exported="false"
148-->[com.google.android.gms:play-services-measurement:21.2.2] AndroidManifest.xml:42:13-37
149            android:permission="android.permission.BIND_JOB_SERVICE" />
149-->[com.google.android.gms:play-services-measurement:21.2.2] AndroidManifest.xml:43:13-69
150
151        <meta-data
151-->[com.google.android.gms:play-services-basement:18.1.0] AndroidManifest.xml:21:9-23:69
152            android:name="com.google.android.gms.version"
152-->[com.google.android.gms:play-services-basement:18.1.0] AndroidManifest.xml:22:13-58
153            android:value="@integer/google_play_services_version" />
153-->[com.google.android.gms:play-services-basement:18.1.0] AndroidManifest.xml:23:13-66
154
155        <provider
155-->[androidx.emoji2:emoji2:1.2.0] AndroidManifest.xml:24:9-32:20
156            android:name="androidx.startup.InitializationProvider"
156-->[androidx.emoji2:emoji2:1.2.0] AndroidManifest.xml:25:13-67
157            android:authorities="com.mwangi.real.androidx-startup"
157-->[androidx.emoji2:emoji2:1.2.0] AndroidManifest.xml:26:13-68
158            android:exported="false" >
158-->[androidx.emoji2:emoji2:1.2.0] AndroidManifest.xml:27:13-37
159            <meta-data
159-->[androidx.emoji2:emoji2:1.2.0] AndroidManifest.xml:29:13-31:52
160                android:name="androidx.emoji2.text.EmojiCompatInitializer"
160-->[androidx.emoji2:emoji2:1.2.0] AndroidManifest.xml:30:17-75
161                android:value="androidx.startup" />
161-->[androidx.emoji2:emoji2:1.2.0] AndroidManifest.xml:31:17-49
162            <meta-data
162-->[androidx.lifecycle:lifecycle-process:2.4.1] AndroidManifest.xml:31:13-33:52
163                android:name="androidx.lifecycle.ProcessLifecycleInitializer"
163-->[androidx.lifecycle:lifecycle-process:2.4.1] AndroidManifest.xml:32:17-78
164                android:value="androidx.startup" />
164-->[androidx.lifecycle:lifecycle-process:2.4.1] AndroidManifest.xml:33:17-49
165        </provider>
166    </application>
167
168</manifest>